Started GET "/" for 127.0.0.1 at 2017-09-26 22:09:14 -0500
Processing by HomeController#index as HTML
  Rendering home/index.html.erb within layouts/application
  Rendered home/index.html.erb within layouts/application (1.0ms)
Completed 200 OK in 1611ms (Views: 1135.9ms)


Started GET "/" for 127.0.0.1 at 2017-09-26 22:30:56 -0500
Processing by HomeController#index as HTML
  Rendering home/index.html.erb within layouts/application
  Rendered home/index.html.erb within layouts/application (0.6ms)
Completed 200 OK in 362ms (Views: 14.8ms)


Started GET "/?locale=nl" for 127.0.0.1 at 2017-09-26 22:31:06 -0500
Processing by HomeController#index as HTML
  Parameters: {"locale"=>"nl"}
Completed 500 Internal Server Error in 1ms


  
I18n::InvalidLocale ("nl" is not a valid locale):
  
app/controllers/application_controller.rb:7:in `set_locale'
Started GET "/?locale=nl" for 127.0.0.1 at 2017-09-26 22:31:46 -0500
Processing by HomeController#index as HTML
  Parameters: {"locale"=>"nl"}
Completed 500 Internal Server Error in 1ms


  
I18n::InvalidLocale ("nl" is not a valid locale):
  
app/controllers/application_controller.rb:7:in `set_locale'
Started GET "/?locale=nl" for 127.0.0.1 at 2017-09-26 22:31:47 -0500
Processing by HomeController#index as HTML
  Parameters: {"locale"=>"nl"}
Completed 500 Internal Server Error in 1ms


  
I18n::InvalidLocale ("nl" is not a valid locale):
  
app/controllers/application_controller.rb:7:in `set_locale'
Started GET "/" for 127.0.0.1 at 2017-09-26 22:32:07 -0500
Processing by HomeController#index as HTML
  Rendering home/index.html.erb within layouts/application
  Rendered home/index.html.erb within layouts/application (1.0ms)
Completed 200 OK in 634ms (Views: 168.8ms)


Started GET "/?locale=pirate" for 127.0.0.1 at 2017-09-26 22:32:22 -0500
Processing by HomeController#index as HTML
  Parameters: {"locale"=>"pirate"}
  Rendering home/index.html.erb within layouts/application
  Rendered home/index.html.erb within layouts/application (0.8ms)
Completed 200 OK in 19ms (Views: 17.5ms)


Started GET "/?locale=nl" for 127.0.0.1 at 2017-09-26 22:32:37 -0500
Processing by HomeController#index as HTML
  Parameters: {"locale"=>"nl"}
  Rendering home/index.html.erb within layouts/application
  Rendered home/index.html.erb within layouts/application (0.9ms)
Completed 200 OK in 19ms (Views: 16.5ms)


Started GET "/?locale=nl" for 127.0.0.1 at 2017-09-26 22:34:58 -0500
  
SyntaxError (/home/miguel/Documentos/Universidad/9 semestre/Ingenieria de software 2/Expo/Exposicioni18n/app/controllers/home_controller.rb:5: syntax error, unexpected tLABEL
color_u]= t(:color) , default: 'No color'
                              ^):
  
app/controllers/home_controller.rb:5: syntax error, unexpected tLABEL
Started GET "/?locale=pirate" for 127.0.0.1 at 2017-09-26 22:37:10 -0500
Processing by HomeController#index as HTML
  Parameters: {"locale"=>"pirate"}
  Rendering home/index.html.erb within layouts/application
  Rendered home/index.html.erb within layouts/application (0.5ms)
Completed 200 OK in 17ms (Views: 15.6ms)


Started GET "/?locale=nl" for 127.0.0.1 at 2017-09-26 22:37:23 -0500
Processing by HomeController#index as HTML
  Parameters: {"locale"=>"nl"}
  Rendering home/index.html.erb within layouts/application
  Rendered home/index.html.erb within layouts/application (1.0ms)
Completed 200 OK in 30ms (Views: 28.1ms)


Started GET "/?locale=nl" for 127.0.0.1 at 2017-09-26 22:38:47 -0500
Processing by HomeController#index as HTML
  Parameters: {"locale"=>"nl"}
  Rendering home/index.html.erb within layouts/application
  Rendered home/index.html.erb within layouts/application (1.2ms)
Completed 200 OK in 20ms (Views: 18.5ms)


Started GET "/" for 127.0.0.1 at 2017-09-26 22:38:51 -0500
Processing by HomeController#index as HTML
  Rendering home/index.html.erb within layouts/application
  Rendered home/index.html.erb within layouts/application (1.2ms)
Completed 200 OK in 18ms (Views: 16.0ms)


Started GET "/?locale=nl" for 127.0.0.1 at 2017-09-26 22:39:05 -0500
Processing by HomeController#index as HTML
  Parameters: {"locale"=>"nl"}
  Rendering home/index.html.erb within layouts/application
  Rendered home/index.html.erb within layouts/application (1.4ms)
Completed 200 OK in 18ms (Views: 16.8ms)


Started GET "/?locale=es" for 127.0.0.1 at 2017-09-26 22:39:16 -0500
Processing by HomeController#index as HTML
  Parameters: {"locale"=>"es"}
Completed 500 Internal Server Error in 1ms


  
I18n::InvalidLocale ("es" is not a valid locale):
  
app/controllers/application_controller.rb:7:in `set_locale'
Started GET "/?locale=pirate" for 127.0.0.1 at 2017-09-26 22:39:27 -0500
Processing by HomeController#index as HTML
  Parameters: {"locale"=>"pirate"}
  Rendering home/index.html.erb within layouts/application
  Rendered home/index.html.erb within layouts/application (1.0ms)
Completed 200 OK in 17ms (Views: 15.0ms)


Started GET "/" for 127.0.0.1 at 2017-09-26 22:42:33 -0500
Processing by HomeController#index as HTML
  Rendering home/index.html.erb within layouts/application
  Rendered home/index.html.erb within layouts/application (0.7ms)
Completed 200 OK in 384ms (Views: 13.5ms)


Started GET "/?locale=pirate" for 127.0.0.1 at 2017-09-26 22:42:42 -0500
Processing by HomeController#index as HTML
  Parameters: {"locale"=>"pirate"}
  Rendering home/index.html.erb within layouts/application
  Rendered home/index.html.erb within layouts/application (0.9ms)
Completed 200 OK in 17ms (Views: 15.5ms)


Started GET "/?locale=pirate" for 127.0.0.1 at 2017-09-26 22:43:06 -0500
Processing by HomeController#index as HTML
  Parameters: {"locale"=>"pirate"}
  Rendering home/index.html.erb within layouts/application
  Rendered home/index.html.erb within layouts/application (0.9ms)
Completed 200 OK in 385ms (Views: 14.5ms)


Started GET "/?locale=pirate" for 127.0.0.1 at 2017-09-26 22:43:49 -0500
Processing by HomeController#index as HTML
  Parameters: {"locale"=>"pirate"}
  Rendering home/index.html.erb within layouts/application
  Rendered home/index.html.erb within layouts/application (0.8ms)
Completed 200 OK in 369ms (Views: 14.2ms)


Started GET "/?locale=nl" for 127.0.0.1 at 2017-09-26 22:43:56 -0500
Processing by HomeController#index as HTML
  Parameters: {"locale"=>"nl"}
  Rendering home/index.html.erb within layouts/application
  Rendered home/index.html.erb within layouts/application (1.1ms)
Completed 200 OK in 18ms (Views: 16.0ms)


Started GET "/" for 127.0.0.1 at 2017-09-26 22:44:43 -0500
Processing by HomeController#index as HTML
  Rendering home/index.html.erb within layouts/application
  Rendered home/index.html.erb within layouts/application (0.9ms)
Completed 200 OK in 24ms (Views: 23.0ms)


Started GET "/" for 127.0.0.1 at 2017-09-26 22:52:25 -0500
Processing by HomeController#index as HTML
  Rendering home/index.html.erb within layouts/application
  Rendered home/index.html.erb within layouts/application (0.8ms)
Completed 200 OK in 422ms (Views: 14.6ms)


Started GET "/?locale=pirate" for 127.0.0.1 at 2017-09-26 22:53:26 -0500
Processing by HomeController#index as HTML
  Parameters: {"locale"=>"pirate"}
  Rendering home/index.html.erb within layouts/application
  Rendered home/index.html.erb within layouts/application (1.0ms)
Completed 200 OK in 19ms (Views: 17.6ms)


Started GET "/?locale=nl" for 127.0.0.1 at 2017-09-26 22:54:33 -0500
Processing by HomeController#index as HTML
  Parameters: {"locale"=>"nl"}
  Rendering home/index.html.erb within layouts/application
  Rendered home/index.html.erb within layouts/application (0.9ms)
Completed 200 OK in 17ms (Views: 15.4ms)


Started GET "/" for 127.0.0.1 at 2017-09-26 22:58:56 -0500
Processing by HomeController#index as HTML
  Rendering home/index.html.erb within layouts/application
  Rendered home/index.html.erb within layouts/application (0.6ms)
Completed 200 OK in 366ms (Views: 14.1ms)


Started GET "/" for 127.0.0.1 at 2017-09-26 22:58:56 -0500
Processing by HomeController#index as HTML
  Rendering home/index.html.erb within layouts/application
  Rendered home/index.html.erb within layouts/application (0.8ms)
Completed 200 OK in 18ms (Views: 16.3ms)


Started GET "/" for 127.0.0.1 at 2017-09-27 00:15:51 -0500
Processing by HomeController#index as HTML
  Rendering home/index.html.erb within layouts/application
  Rendered home/index.html.erb within layouts/application (1.1ms)
Completed 200 OK in 692ms (Views: 177.4ms)


Started GET "/" for 127.0.0.1 at 2017-09-27 00:16:54 -0500
Processing by HomeController#index as HTML
  Rendering home/index.html.erb within layouts/application
  Rendered home/index.html.erb within layouts/application (0.9ms)
Completed 200 OK in 18ms (Views: 16.3ms)


Started GET "/?locale=nl" for 127.0.0.1 at 2017-09-27 00:23:57 -0500
Processing by HomeController#index as HTML
  Parameters: {"locale"=>"nl"}
  Rendering home/index.html.erb within layouts/application
  Rendered home/index.html.erb within layouts/application (1.1ms)
Completed 200 OK in 381ms (Views: 15.4ms)


Started GET "/" for 127.0.0.1 at 2017-09-27 00:30:34 -0500
Processing by HomeController#index as HTML
  Rendering home/index.html.erb within layouts/application
  Rendered home/index.html.erb within layouts/application (1.3ms)
Completed 200 OK in 18ms (Views: 16.2ms)


Started GET "/" for 127.0.0.1 at 2017-09-27 00:31:45 -0500
Processing by HomeController#index as HTML
  Rendering home/index.html.erb within layouts/application
  Rendered home/index.html.erb within layouts/application (3.4ms)
Completed 500 Internal Server Error in 7ms


  
ActionView::Template::Error (:de is not a valid locale):
     9: <p><%= t("notification", count: 1) %></p>
    10: <p><%= t("notification", count: 5) %></p>
    11: 
    12: <p><%= I18n.l Time.now, locale: :de%></p>
  
app/views/home/index.html.erb:12:in `_app_views_home_index_html_erb___854782969711524997_69854911010020'
Started GET "/" for 127.0.0.1 at 2017-09-27 00:32:03 -0500
Processing by HomeController#index as HTML
  Rendering home/index.html.erb within layouts/application
  Rendered home/index.html.erb within layouts/application (3.2ms)
Completed 500 Internal Server Error in 8ms


  
ActionView::Template::Error (:de is not a valid locale):
     9: <p><%= t("notification", count: 1) %></p>
    10: <p><%= t("notification", count: 5) %></p>
    11: 
    12: <p><%= I18n.l Time.now, locale: :de %></p>
  
app/views/home/index.html.erb:12:in `_app_views_home_index_html_erb___854782969711524997_69854910828600'
Started GET "/?locale=nl" for 127.0.0.1 at 2017-09-27 00:32:08 -0500
Processing by HomeController#index as HTML
  Parameters: {"locale"=>"nl"}
  Rendering home/index.html.erb within layouts/application
  Rendered home/index.html.erb within layouts/application (2.3ms)
Completed 500 Internal Server Error in 9ms


  
ActionView::Template::Error (:de is not a valid locale):
     9: <p><%= t("notification", count: 1) %></p>
    10: <p><%= t("notification", count: 5) %></p>
    11: 
    12: <p><%= I18n.l Time.now, locale: :de %></p>
  
app/views/home/index.html.erb:12:in `_app_views_home_index_html_erb___854782969711524997_69854910558100'
Started GET "/?locale=nl" for 127.0.0.1 at 2017-09-27 00:32:26 -0500
Processing by HomeController#index as HTML
  Parameters: {"locale"=>"nl"}
  Rendering home/index.html.erb within layouts/application
  Rendered home/index.html.erb within layouts/application (1.6ms)
Completed 200 OK in 20ms (Views: 18.4ms)


Started GET "/?locale=nl" for 127.0.0.1 at 2017-09-27 00:33:09 -0500
Processing by HomeController#index as HTML
  Parameters: {"locale"=>"nl"}
  Rendering home/index.html.erb within layouts/application
  Rendered home/index.html.erb within layouts/application (2.4ms)
Completed 500 Internal Server Error in 7ms


  
ActionView::Template::Error (translation missing: pirate.time.formats.default):
     9: <p><%= t("notification", count: 1) %></p>
    10: <p><%= t("notification", count: 5) %></p>
    11: 
    12: <p><%= I18n.l Time.now, locale: :pirate %></p>
  
app/views/home/index.html.erb:12:in `_app_views_home_index_html_erb___854782969711524997_69854908824640'
Started GET "/" for 127.0.0.1 at 2017-09-27 00:33:44 -0500
Processing by HomeController#index as HTML
  Rendering home/index.html.erb within layouts/application
  Rendered home/index.html.erb within layouts/application (2.0ms)
Completed 500 Internal Server Error in 7ms


  
ActionView::Template::Error (translation missing: pirate.time.formats.default):
     9: <p><%= t("notification", count: 1) %></p>
    10: <p><%= t("notification", count: 5) %></p>
    11: 
    12: <p><%= I18n.l Time.now, locale: :pirate %></p>
  
app/views/home/index.html.erb:12:in `_app_views_home_index_html_erb___854782969711524997_69854908332800'
Started GET "/" for 127.0.0.1 at 2017-09-27 00:34:41 -0500
Processing by HomeController#index as HTML
  Rendering home/index.html.erb within layouts/application
  Rendered home/index.html.erb within layouts/application (1.0ms)
Completed 200 OK in 17ms (Views: 15.8ms)


Started GET "/" for 127.0.0.1 at 2017-09-27 00:37:23 -0500
Processing by HomeController#index as HTML
  Rendering home/index.html.erb within layouts/application
  Rendered home/index.html.erb within layouts/application (2.9ms)
Completed 500 Internal Server Error in 8ms


  
ActionView::Template::Error (:es is not a valid locale):
     9: <p><%= t("notification", count: 1) %></p>
    10: <p><%= t("notification", count: 5) %></p>
    11: 
    12: <p><%= I18n.l Time.now, locale: :es %></p>
  
app/views/home/index.html.erb:12:in `_app_views_home_index_html_erb___854782969711524997_69854904343720'
Started GET "/" for 127.0.0.1 at 2017-09-27 00:38:11 -0500
Processing by HomeController#index as HTML
  Rendering home/index.html.erb within layouts/application
  Rendered home/index.html.erb within layouts/application (0.9ms)
Completed 200 OK in 361ms (Views: 13.7ms)


Started GET "/?locale=nl" for 127.0.0.1 at 2017-09-27 00:38:18 -0500
Processing by HomeController#index as HTML
  Parameters: {"locale"=>"nl"}
  Rendering home/index.html.erb within layouts/application
  Rendered home/index.html.erb within layouts/application (1.5ms)
Completed 200 OK in 18ms (Views: 16.3ms)


Started GET "/?locale=nl" for 127.0.0.1 at 2017-09-27 00:38:26 -0500
Processing by HomeController#index as HTML
  Parameters: {"locale"=>"nl"}
  Rendering home/index.html.erb within layouts/application
  Rendered home/index.html.erb within layouts/application (1.6ms)
Completed 200 OK in 20ms (Views: 18.8ms)


Started GET "/?locale=nl" for 127.0.0.1 at 2017-09-27 00:38:27 -0500
Processing by HomeController#index as HTML
  Parameters: {"locale"=>"nl"}
  Rendering home/index.html.erb within layouts/application
  Rendered home/index.html.erb within layouts/application (1.3ms)
Completed 200 OK in 19ms (Views: 16.9ms)


Started GET "/?locale=nl" for 127.0.0.1 at 2017-09-27 00:38:27 -0500
Processing by HomeController#index as HTML
  Parameters: {"locale"=>"nl"}
  Rendering home/index.html.erb within layouts/application
  Rendered home/index.html.erb within layouts/application (1.5ms)
Completed 200 OK in 26ms (Views: 23.9ms)


Started GET "/?locale=nl" for 127.0.0.1 at 2017-09-27 00:38:28 -0500
Processing by HomeController#index as HTML
  Parameters: {"locale"=>"nl"}
  Rendering home/index.html.erb within layouts/application
  Rendered home/index.html.erb within layouts/application (1.3ms)
Completed 200 OK in 18ms (Views: 16.6ms)


Started GET "/?locale=nl" for 127.0.0.1 at 2017-09-27 00:38:29 -0500
Processing by HomeController#index as HTML
  Parameters: {"locale"=>"nl"}
  Rendering home/index.html.erb within layouts/application
  Rendered home/index.html.erb within layouts/application (1.3ms)
Completed 200 OK in 20ms (Views: 18.4ms)


Started GET "/?locale=nl" for 127.0.0.1 at 2017-09-27 00:39:11 -0500
Processing by HomeController#index as HTML
  Parameters: {"locale"=>"nl"}
  Rendering home/index.html.erb within layouts/application
  Rendered home/index.html.erb within layouts/application (1.0ms)
Completed 200 OK in 389ms (Views: 14.0ms)


Started GET "/?locale=nl" for 127.0.0.1 at 2017-09-27 00:39:12 -0500
Processing by HomeController#index as HTML
  Parameters: {"locale"=>"nl"}
  Rendering home/index.html.erb within layouts/application
  Rendered home/index.html.erb within layouts/application (1.3ms)
Completed 200 OK in 16ms (Views: 14.6ms)


Started GET "/?locale=nl" for 127.0.0.1 at 2017-09-27 00:39:12 -0500
Processing by HomeController#index as HTML
  Parameters: {"locale"=>"nl"}
  Rendering home/index.html.erb within layouts/application
  Rendered home/index.html.erb within layouts/application (1.7ms)
Completed 200 OK in 20ms (Views: 16.9ms)


Started GET "/?locale=nl" for 127.0.0.1 at 2017-09-27 00:39:13 -0500
Processing by HomeController#index as HTML
  Parameters: {"locale"=>"nl"}
  Rendering home/index.html.erb within layouts/application
  Rendered home/index.html.erb within layouts/application (1.3ms)
Completed 200 OK in 23ms (Views: 21.6ms)


Started GET "/?locale=nl" for 127.0.0.1 at 2017-09-27 00:39:13 -0500
Processing by HomeController#index as HTML
  Parameters: {"locale"=>"nl"}
  Rendering home/index.html.erb within layouts/application
  Rendered home/index.html.erb within layouts/application (1.2ms)
Completed 200 OK in 18ms (Views: 17.0ms)


Started GET "/?locale=nl" for 127.0.0.1 at 2017-09-27 00:39:13 -0500
Processing by HomeController#index as HTML
  Parameters: {"locale"=>"nl"}
  Rendering home/index.html.erb within layouts/application
  Rendered home/index.html.erb within layouts/application (1.5ms)
Completed 200 OK in 19ms (Views: 16.5ms)


Started GET "/?locale=nl" for 127.0.0.1 at 2017-09-27 00:39:13 -0500
Processing by HomeController#index as HTML
  Parameters: {"locale"=>"nl"}
  Rendering home/index.html.erb within layouts/application
  Rendered home/index.html.erb within layouts/application (1.3ms)
Completed 200 OK in 19ms (Views: 16.9ms)


Started GET "/?locale=nl" for 127.0.0.1 at 2017-09-27 00:39:13 -0500
Processing by HomeController#index as HTML
  Parameters: {"locale"=>"nl"}
  Rendering home/index.html.erb within layouts/application
  Rendered home/index.html.erb within layouts/application (1.4ms)
Completed 200 OK in 20ms (Views: 17.7ms)


Started GET "/?locale=nl" for 127.0.0.1 at 2017-09-27 00:39:14 -0500
Processing by HomeController#index as HTML
  Parameters: {"locale"=>"nl"}
  Rendering home/index.html.erb within layouts/application
  Rendered home/index.html.erb within layouts/application (1.4ms)
Completed 200 OK in 16ms (Views: 14.7ms)


Started GET "/?locale=nl" for 127.0.0.1 at 2017-09-27 00:39:29 -0500
Processing by HomeController#index as HTML
  Parameters: {"locale"=>"nl"}
  Rendering home/index.html.erb within layouts/application
  Rendered home/index.html.erb within layouts/application (1.8ms)
Completed 500 Internal Server Error in 335ms


  
ActionView::Template::Error (translation missing: nl.time.formats.default):
     9: <p><%= t("notification", count: 1) %></p>
    10: <p><%= t("notification", count: 5) %></p>
    11: 
    12: <p><%= I18n.l Time.now, locale: :nl %></p>
  
app/views/home/index.html.erb:12:in `_app_views_home_index_html_erb___854782969711524997_69854910706020'
Started GET "/?locale=nl" for 127.0.0.1 at 2017-09-27 00:40:01 -0500
Processing by HomeController#index as HTML
  Parameters: {"locale"=>"nl"}
  Rendering home/index.html.erb within layouts/application
  Rendered home/index.html.erb within layouts/application (0.9ms)
Completed 200 OK in 389ms (Views: 13.3ms)


Started GET "/" for 127.0.0.1 at 2017-09-27 00:40:47 -0500
Processing by HomeController#index as HTML
  Rendering home/index.html.erb within layouts/application
  Rendered home/index.html.erb within layouts/application (0.9ms)
Completed 200 OK in 349ms (Views: 14.3ms)


Started GET "/" for 127.0.0.1 at 2017-09-27 00:40:48 -0500
Processing by HomeController#index as HTML
  Rendering home/index.html.erb within layouts/application
  Rendered home/index.html.erb within layouts/application (1.2ms)
Completed 200 OK in 20ms (Views: 18.9ms)


Started GET "/" for 127.0.0.1 at 2017-09-27 00:46:33 -0500
Processing by HomeController#index as HTML
  Rendering home/index.html.erb within layouts/application
  Rendered home/index.html.erb within layouts/application (0.9ms)
Completed 200 OK in 389ms (Views: 13.5ms)


Started GET "/?locale=pirate" for 127.0.0.1 at 2017-09-27 00:46:42 -0500
Processing by HomeController#index as HTML
  Parameters: {"locale"=>"pirate"}
  Rendering home/index.html.erb within layouts/application
  Rendered home/index.html.erb within layouts/application (1.4ms)
Completed 200 OK in 19ms (Views: 17.7ms)


